İkiterimli (binomial) katsayılar:
	(a+b)^n = c0xa^n + c1xa^(n-1)xb + c2xa^(n-2)xb^2 + ...
	          ... + c(n-1)xaxb^(n-1) + cnxb^n
Pascal'ın üçgeni:
	n=0 => 1
	n=1 => 1,1
	n=2 => 1,2,1
	n=3 => 1,3,3,1
	n=4 => 1,4,6,4,1
	n=5 => 1,5,10,10,5,1
	n=6 => 1,6,15,20,15,6,1
	n=7 => 1,7,21,35,35,21,7,1
	n=8 => 1,8,28,56,70,56,28,8,1
	n=9 => 1,9,36,84,126,126,84,36,9,1

===============================
 5 nesneden k tanesini seçelim 
     SıraLI ya da SırasIZ       
  Her seferinde geri koyarak    
       yani YinelemeLİ          
    ya da geri koymayarak       
       yani YinelemesİZ         
===============================
 k  slıYli slıYiz sızYiz sızYli
=== ====== ====== ====== ======
 0      1      1      1      1
 1      5      5      5      5
 2     25     20     10     15
 3    125     60     10     35
 4    625    120      5     70
 5   3125    120      1    126
===============================
Bir de bakın: slıYiz(n,k)/çarpımsal(k) = sızYiz(n,k).
Ama, slıYli(n,k)/çarpımsal(k) != sızYli(n,k).
Onun yerine herbir k için değeri şunlar: 1 5 12 20 26 26.

=====	 ===============
  x  	 Gauss eğrisi(x)
=====	 ===============
 0.00	 0.398942280
 0.25	 0.386668117
 0.50	 0.352065327
 0.75	 0.301137432
 1.00	 0.241970725
 1.25	 0.182649085
 1.50	 0.129517596
 1.75	 0.086277319
 2.00	 0.053990967
 2.25	 0.031739652
 2.50	 0.017528300
 2.75	 0.009093563
 3.00	 0.004431848
 3.25	 0.002029048
 3.50	 0.000872683
 3.75	 0.000352596
 4.00	 0.000133830
 4.25	 0.000047719
 4.50	 0.000015984
 4.75	 0.000005030
 5.00	 0.000001487
 5.25	 0.000000413
 5.50	 0.000000108
 5.75	 0.000000026
 6.00	 0.000000006
 6.25	 0.000000001
 6.50	 0.000000000
Saymak ve hesaplamak ne güzel! ☺ Dr. Ben Bülent Başaran ☺
